#-----------------------------------------------------------
# Vivado v2014.4 (64-bit)
# SW Build 1071353 on Tue Nov 18 18:29:27 MST 2014
# IP Build 1070531 on Tue Nov 18 01:10:18 MST 2014
# Start of session at: Mon Oct 16 14:56:55 2017
# Process ID: 8800
# Log file: C:/HARMONIA_repo/HARMONIA_analog_monitoring/vivado.log
# Journal file: C:/HARMONIA_repo/HARMONIA_analog_monitoring\vivado.jou
#-----------------------------------------------------------
start_gui
open_project C:/HARMONIA_repo/HARMONIA_analog_monitoring/HARMONIA_analog_monitoring.xpr
Scanning sources...
Finished scanning sources
INFO: [IP_Flow 19-234] Refreshing IP repositories
INFO: [IP_Flow 19-1700] Loaded user IP repository 'c:/HARMONIA_repo/HARMONIA_analog_monitoring/my_ips'.
INFO: [IP_Flow 19-2313] Loaded Vivado IP repository 'C:/Xilinx/Vivado/2014.4/data/ip'.
WARNING: [BD 41-1303] One or more IPs have been locked in the design 'design_1.bd'. Please run report_ip_status for more details and recommendations on how to fix this issue.
open_project: Time (s): cpu = 00:00:26 ; elapsed = 00:00:16 . Memory (MB): peak = 688.715 ; gain = 121.867
update_compile_order -fileset sources_1
launch_sdk -workspace C:/HARMONIA_repo/HARMONIA_analog_monitoring/HARMONIA_analog_monitoring.sdk -hwspec C:/HARMONIA_repo/HARMONIA_analog_monitoring/HARMONIA_analog_monitoring.sdk/design_1_wrapper.hdf
INFO: [Vivado 12-393] Launching SDK...
INFO: [Vivado 12-417] Running xsdk -workspace C:/HARMONIA_repo/HARMONIA_analog_monitoring/HARMONIA_analog_monitoring.sdk -hwspec C:/HARMONIA_repo/HARMONIA_analog_monitoring/HARMONIA_analog_monitoring.sdk/design_1_wrapper.hdf
INFO: [Vivado 12-3157] SDK launch initiated. Please check console for any further messages.
exit
INFO: [Common 17-206] Exiting Vivado at Mon Oct 16 15:04:51 2017...
